packageJobJar: [/tmp/hadoop-unjar7174424826710974456/] [] /tmp/streamjob1533633495451643908.jar tmpDir=null
3eec78ad0198c465d8,4dc98b9d02a7bf3307,4de91d0201b0b9529e	
9c0da24701d59cadba,f7fe89ec01fc951d08	
73a49a77024bf63add,7bdf8f710238a59d9c,c719a4cd010ad113b7,c9a17f3d02d16730ba	
d264fb38025bf02bfd,da4debfb0266d7bf6a,11e20944017ad3c491,16e30aff0281fc9eaf	
4a35318d0177d2c589	
875d9160022f8a6b1a,a6ae14b10274d83aa0,ab4a5fc5026df5e730	
0a50ed29024408e993,67d525c70278d94050,9d187a95010d064631,b9d6b8c0029f3717e7,cbf4fba201e23fc261	
823812ba028fff1262,c2ed134901510f54e2,69459ef6014c025387,782b7c97020e614c32,7e3882070204c666aa	
7f4f635b018aa92daa,ad0aee9102d5dd55ce,0c7b7da7025612cf37,884cb4d002097034a9,89012010022c070ad6	
c98ad57b0151677026,18bbd23202f5675bb4	
1e99367f01cdb2550a,f47f5e0f02f0ed8f45,5764482002facc67db,7bea53d3019b92c189,caf53a8002a2754d40	
ee49d902029a7fc448,78cb8097024d290ca2,302e0534024d5d9710,37733518013d990cea,748a71ee018b7fb23e	
8077be5d01369c3300,b5d2c5be01dc7316d1,d262ba0d02a99cd977	
fd831b1c014f491a60,1950e1ac02b25d008e,201e52290155602cbe,3f4d11ca02cd2d8c4b	
606b9e0c01eaba9ecc	
fc8d1c28027f920244,4cbf41750126b01b9e	
5d785a4202fd97e05d,dbe4cd5d02e06d546c	
6acbd5cf0254b3194a,051fc1a70100d5ed05,345c760e0163861d40,45624a3d01ef8035de	
58b2966e01e0ae36b8,5e7e2caa01eaf03f81,700c14420285d35c6c	
827bc27702df2627b5,8829e20d024ee29470,92d9e6f20170b5b48b	
a1a27b3c017ccd7a46,2d712a0001e6ad2027,305b8f3c0156e08c2c,bb068ac6019f6c1d01,3fdc838301959189b6	
93a94bb60118a3567b,30b2771002cf9a765b,6cea7d5f01f507771d	
bc39b629011d4ce889,0953f1fc016d90e448	
3642f29e02a49d4766,15aec04f02e89a7c9d,9141f55d026a8bbeff	
9e1c4cfe014663838c,68677615020d24c950,898fed9102413bfb27,ac4189e90293a73a56	
d19eee11010a6c97d1,1d118bd9011cc37f3c,61233edd02841832b4	
caad03eb01f5389713,da5fd33d01517e227b,39cc38c10176aaed58,8705352b028b9549d6	
b22c490e02da76ea37,ebb168e7017e2e9d26,2861953d0149303277,acc4bbe2026448a5e5	
b43353c901ffdbb838,4d97efb901f5a93a69,5752184702dcad813b,c989499801ae1786ba	
27ef13d702db31ebe5,523e8d3a0191a317fd,9317c408010e34c018	
cb23792102feb28688,a4a048f902592e5d1a,a52981b1024d7e82c5	
b4e1a7fd01f576cfb5,c6b5429602d937a3d1,d3a561fc0117ead494	
f1d9b1f6017a2b20d1,3991ea4f01017defaa	
cdd0f445011b42f628,fdbe0f530125158bfc	
73d9876e0268b32160,7dc58cb401a13a036c,82b462ab013fa763c4	
b226e31f0165d67d43,f14e748401c225195f	
3a34baa8011accd1fe,858d6795023910820e,98202a930180752e6f,9f2eebde019edafbf8	
bd65add0017b547886	
f8d40b0b01b53fe354,567d6b6401a8faa140,75aab3d7021fc35b07,e8a7c0bc0217ffa5e7,499ac91f016c2975fe	
7bda59c8020f6a653b,ad3e872802dfe64f61,7d55611a028c1b2d25,8a7c545401ec3b0574,be67d24a020858fbcb	
e399300801eab0297e,4668fa95028c38acad,a195daaf023be4959e,a1de4b2f02d877216b	
bdae80b501b3e99b06,6107dc8602482f43ef,639a16f402506c4c15,acbf73e401261a5a89,c118f56f0106dca87c	
0a3438ce011a94d027,36207a1b02148c1e0b	
ab0f73720182ba2747,e753fd0702f689ff7e,eca3d48b01345fda86	
3453d1ad025fe49a4d	
4e3f7bcc01a9f799f0,5bce77c101d9f23d78	
6d8d8a660216588bf4,9e10d0e701150c94fe	
f09d85b002a06aab79,f904d17002120dbae9,fbe2a38702f905d250,b10870070275c93448,d87cd16e011d11a1d4	
66a9d326015dedba20	
684418ff02e084bd54,1f638cbd01aed72f40,4df065ac02dc378010,9c5bd3370213e6a95a	
